<?xml version="1.0" encoding="UTF-8"?>
<!-- Generated by org.testng.reporters.JUnitReportReporter -->
<testsuite hostname="DESKTOP-PEVVTSQ" name="com.sai.Testcases.RegistrationTestCase" tests="1" failures="0" timestamp="21 Feb 2021 14:12:22 GMT" time="159.656" errors="0">
  <testcase name="Registration" time="159.656" classname="com.sai.Testcases.RegistrationTestCase"/>
</testsuite> <!-- com.sai.Testcases.RegistrationTestCase -->
