<?xml version="1.0" encoding="UTF-8"?>
<!-- Generated by org.testng.reporters.JUnitReportReporter -->
<testsuite skipped="0" hostname="DESKTOP-PEVVTSQ" name="com.sai.Testcases.LoginTestCase" tests="1" failures="0" timestamp="13 Mar 2021 08:06:32 GMT" time="18.871" errors="0">
  <testcase name="LoginTest" time="18.871" classname="com.sai.Testcases.LoginTestCase"/>
</testsuite> <!-- com.sai.Testcases.LoginTestCase -->
